The system is: Linux - 4.7.9-200.aufs4.ATIS.fc24.x86_64 - x86_64
Compiling the C compiler identification source file "CMakeCCompilerId.c" succeeded.
Compiler: /usr/lib64/ccache/cc 
Build flags: 
Id flags: 

The output was:
0


Compilation of the C compiler identification source "CMakeCCompilerId.c" produced "a.out"

The C compiler identification is GNU, found in "/home/stud/s_pohland/Downloads/cg_exercise_02/02_whitted/build/CMakeFiles/3.6.2/CompilerIdC/a.out"

Compiling the CXX compiler identification source file "CMakeCXXCompilerId.cpp" succeeded.
Compiler: /usr/lib64/ccache/c++ 
Build flags: 
Id flags: 

The output was:
0


Compilation of the CXX compiler identification source "CMakeCXXCompilerId.cpp" produced "a.out"

The CXX compiler identification is GNU, found in "/home/stud/s_pohland/Downloads/cg_exercise_02/02_whitted/build/CMakeFiles/3.6.2/CompilerIdCXX/a.out"

Determining if the C compiler works passed with the following output:
Change Dir: /home/stud/s_pohland/Downloads/cg_exercise_02/02_whitted/build/CMakeFiles/CMakeTmp

Run Build Command:"/bin/gmake" "cmTC_da562/fast"
/bin/gmake -f CMakeFiles/cmTC_da562.dir/build.make CMakeFiles/cmTC_da562.dir/build
gmake[1]: Verzeichnis „/home/stud/s_pohland/Downloads/cg_exercise_02/02_whitted/build/CMakeFiles/CMakeTmp“ wird betreten
Building C object CMakeFiles/cmTC_da562.dir/testCCompiler.c.o
/usr/lib64/ccache/cc     -o CMakeFiles/cmTC_da562.dir/testCCompiler.c.o   -c /home/stud/s_pohland/Downloads/cg_exercise_02/02_whitted/build/CMakeFiles/CMakeTmp/testCCompiler.c
Linking C executable cmTC_da562
/usr/bin/cmake -E cmake_link_script CMakeFiles/cmTC_da562.dir/link.txt --verbose=1
/usr/lib64/ccache/cc       CMakeFiles/cmTC_da562.dir/testCCompiler.c.o  -o cmTC_da562 -rdynamic 
gmake[1]: Verzeichnis „/home/stud/s_pohland/Downloads/cg_exercise_02/02_whitted/build/CMakeFiles/CMakeTmp“ wird verlassen


Detecting C compiler ABI info compiled with the following output:
Change Dir: /home/stud/s_pohland/Downloads/cg_exercise_02/02_whitted/build/CMakeFiles/CMakeTmp

Run Build Command:"/bin/gmake" "cmTC_697c9/fast"
/bin/gmake -f CMakeFiles/cmTC_697c9.dir/build.make CMakeFiles/cmTC_697c9.dir/build
gmake[1]: Verzeichnis „/home/stud/s_pohland/Downloads/cg_exercise_02/02_whitted/build/CMakeFiles/CMakeTmp“ wird betreten
Building C object CMakeFiles/cmTC_697c9.dir/CMakeCCompilerABI.c.o
/usr/lib64/ccache/cc     -o CMakeFiles/cmTC_697c9.dir/CMakeCCompilerABI.c.o   -c /usr/share/cmake/Modules/CMakeCCompilerABI.c
Linking C executable cmTC_697c9
/usr/bin/cmake -E cmake_link_script CMakeFiles/cmTC_697c9.dir/link.txt --verbose=1
/usr/lib64/ccache/cc      -v CMakeFiles/cmTC_697c9.dir/CMakeCCompilerABI.c.o  -o cmTC_697c9 -rdynamic  
Es werden eingebaute Spezifikationen verwendet.
COLLECT_GCC=/bin/cc
COLLECT_LTO_WRAPPER=/usr/libexec/gcc/x86_64-redhat-linux/6.2.1/lto-wrapper
Ziel: x86_64-redhat-linux
Konfiguriert mit: ../configure --enable-bootstrap --enable-languages=c,c++,objc,obj-c++,fortran,ada,go,lto --prefix=/usr --mandir=/usr/share/man --infodir=/usr/share/info --with-bugurl=http://bugzilla.redhat.com/bugzilla --enable-shared --enable-threads=posix --enable-checking=release --enable-multilib --with-system-zlib --enable-__cxa_atexit --disable-libunwind-exceptions --enable-gnu-unique-object --enable-linker-build-id --with-linker-hash-style=gnu --enable-plugin --enable-initfini-array --disable-libgcj --with-isl --enable-libmpx --enable-gnu-indirect-function --with-tune=generic --with-arch_32=i686 --build=x86_64-redhat-linux
Thread-Modell: posix
gcc-Version 6.2.1 20160916 (Red Hat 6.2.1-2) (GCC) 
COMPILER_PATH=/usr/libexec/gcc/x86_64-redhat-linux/6.2.1/:/usr/libexec/gcc/x86_64-redhat-linux/6.2.1/:/usr/libexec/gcc/x86_64-redhat-linux/:/usr/lib/gcc/x86_64-redhat-linux/6.2.1/:/usr/lib/gcc/x86_64-redhat-linux/
LIBRARY_PATH=/usr/lib/gcc/x86_64-redhat-linux/6.2.1/:/usr/lib/gcc/x86_64-redhat-linux/6.2.1/../../../../lib64/:/lib/../lib64/:/usr/lib/../lib64/:/usr/lib/gcc/x86_64-redhat-linux/6.2.1/../../../:/lib/:/usr/lib/
COLLECT_GCC_OPTIONS='-v' '-o' 'cmTC_697c9' '-rdynamic' '-mtune=generic' '-march=x86-64'
 /usr/libexec/gcc/x86_64-redhat-linux/6.2.1/collect2 -plugin /usr/libexec/gcc/x86_64-redhat-linux/6.2.1/liblto_plugin.so -plugin-opt=/usr/libexec/gcc/x86_64-redhat-linux/6.2.1/lto-wrapper -plugin-opt=-fresolution=/tmp/cc4Cd9e8.res -plugin-opt=-pass-through=-lgcc -plugin-opt=-pass-through=-lgcc_s -plugin-opt=-pass-through=-lc -plugin-opt=-pass-through=-lgcc -plugin-opt=-pass-through=-lgcc_s --build-id --no-add-needed --eh-frame-hdr --hash-style=gnu -m elf_x86_64 -export-dynamic -dynamic-linker /lib64/ld-linux-x86-64.so.2 -o cmTC_697c9 /usr/lib/gcc/x86_64-redhat-linux/6.2.1/../../../../lib64/crt1.o /usr/lib/gcc/x86_64-redhat-linux/6.2.1/../../../../lib64/crti.o /usr/lib/gcc/x86_64-redhat-linux/6.2.1/crtbegin.o -L/usr/lib/gcc/x86_64-redhat-linux/6.2.1 -L/usr/lib/gcc/x86_64-redhat-linux/6.2.1/../../../../lib64 -L/lib/../lib64 -L/usr/lib/../lib64 -L/usr/lib/gcc/x86_64-redhat-linux/6.2.1/../../.. CMakeFiles/cmTC_697c9.dir/CMakeCCompilerABI.c.o -lgcc --as-needed -lgcc_s --no-as-needed -lc -lgcc --as-needed -lgcc_s --no-as-needed /usr/lib/gcc/x86_64-redhat-linux/6.2.1/crtend.o /usr/lib/gcc/x86_64-redhat-linux/6.2.1/../../../../lib64/crtn.o
COLLECT_GCC_OPTIONS='-v' '-o' 'cmTC_697c9' '-rdynamic' '-mtune=generic' '-march=x86-64'
gmake[1]: Verzeichnis „/home/stud/s_pohland/Downloads/cg_exercise_02/02_whitted/build/CMakeFiles/CMakeTmp“ wird verlassen


Parsed C implicit link information from above output:
  link line regex: [^( *|.*[/\])(ld|([^/\]+-)?ld|collect2)[^/\]*( |$)]
  ignore line: [Change Dir: /home/stud/s_pohland/Downloads/cg_exercise_02/02_whitted/build/CMakeFiles/CMakeTmp]
  ignore line: []
  ignore line: [Run Build Command:"/bin/gmake" "cmTC_697c9/fast"]
  ignore line: [/bin/gmake -f CMakeFiles/cmTC_697c9.dir/build.make CMakeFiles/cmTC_697c9.dir/build]
  ignore line: [gmake[1]: Verzeichnis „/home/stud/s_pohland/Downloads/cg_exercise_02/02_whitted/build/CMakeFiles/CMakeTmp“ wird betreten]
  ignore line: [Building C object CMakeFiles/cmTC_697c9.dir/CMakeCCompilerABI.c.o]
  ignore line: [/usr/lib64/ccache/cc     -o CMakeFiles/cmTC_697c9.dir/CMakeCCompilerABI.c.o   -c /usr/share/cmake/Modules/CMakeCCompilerABI.c]
  ignore line: [Linking C executable cmTC_697c9]
  ignore line: [/usr/bin/cmake -E cmake_link_script CMakeFiles/cmTC_697c9.dir/link.txt --verbose=1]
  ignore line: [/usr/lib64/ccache/cc      -v CMakeFiles/cmTC_697c9.dir/CMakeCCompilerABI.c.o  -o cmTC_697c9 -rdynamic  ]
  ignore line: [Es werden eingebaute Spezifikationen verwendet.]
  ignore line: [COLLECT_GCC=/bin/cc]
  ignore line: [COLLECT_LTO_WRAPPER=/usr/libexec/gcc/x86_64-redhat-linux/6.2.1/lto-wrapper]
  ignore line: [Ziel: x86_64-redhat-linux]
  ignore line: [Konfiguriert mit: ../configure --enable-bootstrap --enable-languages=c,c++,objc,obj-c++,fortran,ada,go,lto --prefix=/usr --mandir=/usr/share/man --infodir=/usr/share/info --with-bugurl=http://bugzilla.redhat.com/bugzilla --enable-shared --enable-threads=posix --enable-checking=release --enable-multilib --with-system-zlib --enable-__cxa_atexit --disable-libunwind-exceptions --enable-gnu-unique-object --enable-linker-build-id --with-linker-hash-style=gnu --enable-plugin --enable-initfini-array --disable-libgcj --with-isl --enable-libmpx --enable-gnu-indirect-function --with-tune=generic --with-arch_32=i686 --build=x86_64-redhat-linux]
  ignore line: [Thread-Modell: posix]
  ignore line: [gcc-Version 6.2.1 20160916 (Red Hat 6.2.1-2) (GCC) ]
  ignore line: [COMPILER_PATH=/usr/libexec/gcc/x86_64-redhat-linux/6.2.1/:/usr/libexec/gcc/x86_64-redhat-linux/6.2.1/:/usr/libexec/gcc/x86_64-redhat-linux/:/usr/lib/gcc/x86_64-redhat-linux/6.2.1/:/usr/lib/gcc/x86_64-redhat-linux/]
  ignore line: [LIBRARY_PATH=/usr/lib/gcc/x86_64-redhat-linux/6.2.1/:/usr/lib/gcc/x86_64-redhat-linux/6.2.1/../../../../lib64/:/lib/../lib64/:/usr/lib/../lib64/:/usr/lib/gcc/x86_64-redhat-linux/6.2.1/../../../:/lib/:/usr/lib/]
  ignore line: [COLLECT_GCC_OPTIONS='-v' '-o' 'cmTC_697c9' '-rdynamic' '-mtune=generic' '-march=x86-64']
  link line: [ /usr/libexec/gcc/x86_64-redhat-linux/6.2.1/collect2 -plugin /usr/libexec/gcc/x86_64-redhat-linux/6.2.1/liblto_plugin.so -plugin-opt=/usr/libexec/gcc/x86_64-redhat-linux/6.2.1/lto-wrapper -plugin-opt=-fresolution=/tmp/cc4Cd9e8.res -plugin-opt=-pass-through=-lgcc -plugin-opt=-pass-through=-lgcc_s -plugin-opt=-pass-through=-lc -plugin-opt=-pass-through=-lgcc -plugin-opt=-pass-through=-lgcc_s --build-id --no-add-needed --eh-frame-hdr --hash-style=gnu -m elf_x86_64 -export-dynamic -dynamic-linker /lib64/ld-linux-x86-64.so.2 -o cmTC_697c9 /usr/lib/gcc/x86_64-redhat-linux/6.2.1/../../../../lib64/crt1.o /usr/lib/gcc/x86_64-redhat-linux/6.2.1/../../../../lib64/crti.o /usr/lib/gcc/x86_64-redhat-linux/6.2.1/crtbegin.o -L/usr/lib/gcc/x86_64-redhat-linux/6.2.1 -L/usr/lib/gcc/x86_64-redhat-linux/6.2.1/../../../../lib64 -L/lib/../lib64 -L/usr/lib/../lib64 -L/usr/lib/gcc/x86_64-redhat-linux/6.2.1/../../.. CMakeFiles/cmTC_697c9.dir/CMakeCCompilerABI.c.o -lgcc --as-needed -lgcc_s --no-as-needed -lc -lgcc --as-needed -lgcc_s --no-as-needed /usr/lib/gcc/x86_64-redhat-linux/6.2.1/crtend.o /usr/lib/gcc/x86_64-redhat-linux/6.2.1/../../../../lib64/crtn.o]
    arg [/usr/libexec/gcc/x86_64-redhat-linux/6.2.1/collect2] ==> ignore
    arg [-plugin] ==> ignore
    arg [/usr/libexec/gcc/x86_64-redhat-linux/6.2.1/liblto_plugin.so] ==> ignore
    arg [-plugin-opt=/usr/libexec/gcc/x86_64-redhat-linux/6.2.1/lto-wrapper] ==> ignore
    arg [-plugin-opt=-fresolution=/tmp/cc4Cd9e8.res] ==> ignore
    arg [-plugin-opt=-pass-through=-lgcc] ==> ignore
    arg [-plugin-opt=-pass-through=-lgcc_s] ==> ignore
    arg [-plugin-opt=-pass-through=-lc] ==> ignore
    arg [-plugin-opt=-pass-through=-lgcc] ==> ignore
    arg [-plugin-opt=-pass-through=-lgcc_s] ==> ignore
    arg [--build-id] ==> ignore
    arg [--no-add-needed] ==> ignore
    arg [--eh-frame-hdr] ==> ignore
    arg [--hash-style=gnu] ==> ignore
    arg [-m] ==> ignore
    arg [elf_x86_64] ==> ignore
    arg [-export-dynamic] ==> ignore
    arg [-dynamic-linker] ==> ignore
    arg [/lib64/ld-linux-x86-64.so.2] ==> ignore
    arg [-o] ==> ignore
    arg [cmTC_697c9] ==> ignore
    arg [/usr/lib/gcc/x86_64-redhat-linux/6.2.1/../../../../lib64/crt1.o] ==> ignore
    arg [/usr/lib/gcc/x86_64-redhat-linux/6.2.1/../../../../lib64/crti.o] ==> ignore
    arg [/usr/lib/gcc/x86_64-redhat-linux/6.2.1/crtbegin.o] ==> ignore
    arg [-L/usr/lib/gcc/x86_64-redhat-linux/6.2.1] ==> dir [/usr/lib/gcc/x86_64-redhat-linux/6.2.1]
    arg [-L/usr/lib/gcc/x86_64-redhat-linux/6.2.1/../../../../lib64] ==> dir [/usr/lib/gcc/x86_64-redhat-linux/6.2.1/../../../../lib64]
    arg [-L/lib/../lib64] ==> dir [/lib/../lib64]
    arg [-L/usr/lib/../lib64] ==> dir [/usr/lib/../lib64]
    arg [-L/usr/lib/gcc/x86_64-redhat-linux/6.2.1/../../..] ==> dir [/usr/lib/gcc/x86_64-redhat-linux/6.2.1/../../..]
    arg [CMakeFiles/cmTC_697c9.dir/CMakeCCompilerABI.c.o] ==> ignore
    arg [-lgcc] ==> lib [gcc]
    arg [--as-needed] ==> ignore
    arg [-lgcc_s] ==> lib [gcc_s]
    arg [--no-as-needed] ==> ignore
    arg [-lc] ==> lib [c]
    arg [-lgcc] ==> lib [gcc]
    arg [--as-needed] ==> ignore
    arg [-lgcc_s] ==> lib [gcc_s]
    arg [--no-as-needed] ==> ignore
    arg [/usr/lib/gcc/x86_64-redhat-linux/6.2.1/crtend.o] ==> ignore
    arg [/usr/lib/gcc/x86_64-redhat-linux/6.2.1/../../../../lib64/crtn.o] ==> ignore
  remove lib [gcc]
  remove lib [gcc_s]
  remove lib [gcc]
  remove lib [gcc_s]
  collapse library dir [/usr/lib/gcc/x86_64-redhat-linux/6.2.1] ==> [/usr/lib/gcc/x86_64-redhat-linux/6.2.1]
  collapse library dir [/usr/lib/gcc/x86_64-redhat-linux/6.2.1/../../../../lib64] ==> [/usr/lib64]
  collapse library dir [/lib/../lib64] ==> [/lib64]
  collapse library dir [/usr/lib/../lib64] ==> [/usr/lib64]
  collapse library dir [/usr/lib/gcc/x86_64-redhat-linux/6.2.1/../../..] ==> [/usr/lib]
  implicit libs: [c]
  implicit dirs: [/usr/lib/gcc/x86_64-redhat-linux/6.2.1;/usr/lib64;/lib64;/usr/lib]
  implicit fwks: []




Detecting C [-std=c11] compiler features compiled with the following output:
Change Dir: /home/stud/s_pohland/Downloads/cg_exercise_02/02_whitted/build/CMakeFiles/CMakeTmp

Run Build Command:"/bin/gmake" "cmTC_ca4e0/fast"
/bin/gmake -f CMakeFiles/cmTC_ca4e0.dir/build.make CMakeFiles/cmTC_ca4e0.dir/build
gmake[1]: Verzeichnis „/home/stud/s_pohland/Downloads/cg_exercise_02/02_whitted/build/CMakeFiles/CMakeTmp“ wird betreten
Building C object CMakeFiles/cmTC_ca4e0.dir/feature_tests.c.o
/usr/lib64/ccache/cc    -std=c11 -o CMakeFiles/cmTC_ca4e0.dir/feature_tests.c.o   -c /home/stud/s_pohland/Downloads/cg_exercise_02/02_whitted/build/CMakeFiles/feature_tests.c
Linking C executable cmTC_ca4e0
/usr/bin/cmake -E cmake_link_script CMakeFiles/cmTC_ca4e0.dir/link.txt --verbose=1
/usr/lib64/ccache/cc       CMakeFiles/cmTC_ca4e0.dir/feature_tests.c.o  -o cmTC_ca4e0 -rdynamic 
gmake[1]: Verzeichnis „/home/stud/s_pohland/Downloads/cg_exercise_02/02_whitted/build/CMakeFiles/CMakeTmp“ wird verlassen


    Feature record: C_FEATURE:1c_function_prototypes
    Feature record: C_FEATURE:1c_restrict
    Feature record: C_FEATURE:1c_static_assert
    Feature record: C_FEATURE:1c_variadic_macros


Detecting C [-std=c99] compiler features compiled with the following output:
Change Dir: /home/stud/s_pohland/Downloads/cg_exercise_02/02_whitted/build/CMakeFiles/CMakeTmp

Run Build Command:"/bin/gmake" "cmTC_7c3ba/fast"
/bin/gmake -f CMakeFiles/cmTC_7c3ba.dir/build.make CMakeFiles/cmTC_7c3ba.dir/build
gmake[1]: Verzeichnis „/home/stud/s_pohland/Downloads/cg_exercise_02/02_whitted/build/CMakeFiles/CMakeTmp“ wird betreten
Building C object CMakeFiles/cmTC_7c3ba.dir/feature_tests.c.o
/usr/lib64/ccache/cc    -std=c99 -o CMakeFiles/cmTC_7c3ba.dir/feature_tests.c.o   -c /home/stud/s_pohland/Downloads/cg_exercise_02/02_whitted/build/CMakeFiles/feature_tests.c
Linking C executable cmTC_7c3ba
/usr/bin/cmake -E cmake_link_script CMakeFiles/cmTC_7c3ba.dir/link.txt --verbose=1
/usr/lib64/ccache/cc       CMakeFiles/cmTC_7c3ba.dir/feature_tests.c.o  -o cmTC_7c3ba -rdynamic 
gmake[1]: Verzeichnis „/home/stud/s_pohland/Downloads/cg_exercise_02/02_whitted/build/CMakeFiles/CMakeTmp“ wird verlassen


    Feature record: C_FEATURE:1c_function_prototypes
    Feature record: C_FEATURE:1c_restrict
    Feature record: C_FEATURE:0c_static_assert
    Feature record: C_FEATURE:1c_variadic_macros


Detecting C [-std=c90] compiler features compiled with the following output:
Change Dir: /home/stud/s_pohland/Downloads/cg_exercise_02/02_whitted/build/CMakeFiles/CMakeTmp

Run Build Command:"/bin/gmake" "cmTC_c74ef/fast"
/bin/gmake -f CMakeFiles/cmTC_c74ef.dir/build.make CMakeFiles/cmTC_c74ef.dir/build
gmake[1]: Verzeichnis „/home/stud/s_pohland/Downloads/cg_exercise_02/02_whitted/build/CMakeFiles/CMakeTmp“ wird betreten
Building C object CMakeFiles/cmTC_c74ef.dir/feature_tests.c.o
/usr/lib64/ccache/cc    -std=c90 -o CMakeFiles/cmTC_c74ef.dir/feature_tests.c.o   -c /home/stud/s_pohland/Downloads/cg_exercise_02/02_whitted/build/CMakeFiles/feature_tests.c
Linking C executable cmTC_c74ef
/usr/bin/cmake -E cmake_link_script CMakeFiles/cmTC_c74ef.dir/link.txt --verbose=1
/usr/lib64/ccache/cc       CMakeFiles/cmTC_c74ef.dir/feature_tests.c.o  -o cmTC_c74ef -rdynamic 
gmake[1]: Verzeichnis „/home/stud/s_pohland/Downloads/cg_exercise_02/02_whitted/build/CMakeFiles/CMakeTmp“ wird verlassen


    Feature record: C_FEATURE:1c_function_prototypes
    Feature record: C_FEATURE:0c_restrict
    Feature record: C_FEATURE:0c_static_assert
    Feature record: C_FEATURE:0c_variadic_macros
Determining if the CXX compiler works passed with the following output:
Change Dir: /home/stud/s_pohland/Downloads/cg_exercise_02/02_whitted/build/CMakeFiles/CMakeTmp

Run Build Command:"/bin/gmake" "cmTC_2f82f/fast"
/bin/gmake -f CMakeFiles/cmTC_2f82f.dir/build.make CMakeFiles/cmTC_2f82f.dir/build
gmake[1]: Verzeichnis „/home/stud/s_pohland/Downloads/cg_exercise_02/02_whitted/build/CMakeFiles/CMakeTmp“ wird betreten
Building CXX object CMakeFiles/cmTC_2f82f.dir/testCXXCompiler.cxx.o
/usr/lib64/ccache/c++      -o CMakeFiles/cmTC_2f82f.dir/testCXXCompiler.cxx.o -c /home/stud/s_pohland/Downloads/cg_exercise_02/02_whitted/build/CMakeFiles/CMakeTmp/testCXXCompiler.cxx
Linking CXX executable cmTC_2f82f
/usr/bin/cmake -E cmake_link_script CMakeFiles/cmTC_2f82f.dir/link.txt --verbose=1
/usr/lib64/ccache/c++        CMakeFiles/cmTC_2f82f.dir/testCXXCompiler.cxx.o  -o cmTC_2f82f -rdynamic 
gmake[1]: Verzeichnis „/home/stud/s_pohland/Downloads/cg_exercise_02/02_whitted/build/CMakeFiles/CMakeTmp“ wird verlassen


Detecting CXX compiler ABI info compiled with the following output:
Change Dir: /home/stud/s_pohland/Downloads/cg_exercise_02/02_whitted/build/CMakeFiles/CMakeTmp

Run Build Command:"/bin/gmake" "cmTC_be069/fast"
/bin/gmake -f CMakeFiles/cmTC_be069.dir/build.make CMakeFiles/cmTC_be069.dir/build
gmake[1]: Verzeichnis „/home/stud/s_pohland/Downloads/cg_exercise_02/02_whitted/build/CMakeFiles/CMakeTmp“ wird betreten
Building CXX object CMakeFiles/cmTC_be069.dir/CMakeCXXCompilerABI.cpp.o
/usr/lib64/ccache/c++      -o CMakeFiles/cmTC_be069.dir/CMakeCXXCompilerABI.cpp.o -c /usr/share/cmake/Modules/CMakeCXXCompilerABI.cpp
Linking CXX executable cmTC_be069
/usr/bin/cmake -E cmake_link_script CMakeFiles/cmTC_be069.dir/link.txt --verbose=1
/usr/lib64/ccache/c++       -v CMakeFiles/cmTC_be069.dir/CMakeCXXCompilerABI.cpp.o  -o cmTC_be069 -rdynamic  
Es werden eingebaute Spezifikationen verwendet.
COLLECT_GCC=/bin/c++
COLLECT_LTO_WRAPPER=/usr/libexec/gcc/x86_64-redhat-linux/6.2.1/lto-wrapper
Ziel: x86_64-redhat-linux
Konfiguriert mit: ../configure --enable-bootstrap --enable-languages=c,c++,objc,obj-c++,fortran,ada,go,lto --prefix=/usr --mandir=/usr/share/man --infodir=/usr/share/info --with-bugurl=http://bugzilla.redhat.com/bugzilla --enable-shared --enable-threads=posix --enable-checking=release --enable-multilib --with-system-zlib --enable-__cxa_atexit --disable-libunwind-exceptions --enable-gnu-unique-object --enable-linker-build-id --with-linker-hash-style=gnu --enable-plugin --enable-initfini-array --disable-libgcj --with-isl --enable-libmpx --enable-gnu-indirect-function --with-tune=generic --with-arch_32=i686 --build=x86_64-redhat-linux
Thread-Modell: posix
gcc-Version 6.2.1 20160916 (Red Hat 6.2.1-2) (GCC) 
COMPILER_PATH=/usr/libexec/gcc/x86_64-redhat-linux/6.2.1/:/usr/libexec/gcc/x86_64-redhat-linux/6.2.1/:/usr/libexec/gcc/x86_64-redhat-linux/:/usr/lib/gcc/x86_64-redhat-linux/6.2.1/:/usr/lib/gcc/x86_64-redhat-linux/
LIBRARY_PATH=/usr/lib/gcc/x86_64-redhat-linux/6.2.1/:/usr/lib/gcc/x86_64-redhat-linux/6.2.1/../../../../lib64/:/lib/../lib64/:/usr/lib/../lib64/:/usr/lib/gcc/x86_64-redhat-linux/6.2.1/../../../:/lib/:/usr/lib/
COLLECT_GCC_OPTIONS='-v' '-o' 'cmTC_be069' '-rdynamic' '-shared-libgcc' '-mtune=generic' '-march=x86-64'
 /usr/libexec/gcc/x86_64-redhat-linux/6.2.1/collect2 -plugin /usr/libexec/gcc/x86_64-redhat-linux/6.2.1/liblto_plugin.so -plugin-opt=/usr/libexec/gcc/x86_64-redhat-linux/6.2.1/lto-wrapper -plugin-opt=-fresolution=/tmp/ccNy4qQp.res -plugin-opt=-pass-through=-lgcc_s -plugin-opt=-pass-through=-lgcc -plugin-opt=-pass-through=-lc -plugin-opt=-pass-through=-lgcc_s -plugin-opt=-pass-through=-lgcc --build-id --no-add-needed --eh-frame-hdr --hash-style=gnu -m elf_x86_64 -export-dynamic -dynamic-linker /lib64/ld-linux-x86-64.so.2 -o cmTC_be069 /usr/lib/gcc/x86_64-redhat-linux/6.2.1/../../../../lib64/crt1.o /usr/lib/gcc/x86_64-redhat-linux/6.2.1/../../../../lib64/crti.o /usr/lib/gcc/x86_64-redhat-linux/6.2.1/crtbegin.o -L/usr/lib/gcc/x86_64-redhat-linux/6.2.1 -L/usr/lib/gcc/x86_64-redhat-linux/6.2.1/../../../../lib64 -L/lib/../lib64 -L/usr/lib/../lib64 -L/usr/lib/gcc/x86_64-redhat-linux/6.2.1/../../.. CMakeFiles/cmTC_be069.dir/CMakeCXXCompilerABI.cpp.o -lstdc++ -lm -lgcc_s -lgcc -lc -lgcc_s -lgcc /usr/lib/gcc/x86_64-redhat-linux/6.2.1/crtend.o /usr/lib/gcc/x86_64-redhat-linux/6.2.1/../../../../lib64/crtn.o
COLLECT_GCC_OPTIONS='-v' '-o' 'cmTC_be069' '-rdynamic' '-shared-libgcc' '-mtune=generic' '-march=x86-64'
gmake[1]: Verzeichnis „/home/stud/s_pohland/Downloads/cg_exercise_02/02_whitted/build/CMakeFiles/CMakeTmp“ wird verlassen


Parsed CXX implicit link information from above output:
  link line regex: [^( *|.*[/\])(ld|([^/\]+-)?ld|collect2)[^/\]*( |$)]
  ignore line: [Change Dir: /home/stud/s_pohland/Downloads/cg_exercise_02/02_whitted/build/CMakeFiles/CMakeTmp]
  ignore line: []
  ignore line: [Run Build Command:"/bin/gmake" "cmTC_be069/fast"]
  ignore line: [/bin/gmake -f CMakeFiles/cmTC_be069.dir/build.make CMakeFiles/cmTC_be069.dir/build]
  ignore line: [gmake[1]: Verzeichnis „/home/stud/s_pohland/Downloads/cg_exercise_02/02_whitted/build/CMakeFiles/CMakeTmp“ wird betreten]
  ignore line: [Building CXX object CMakeFiles/cmTC_be069.dir/CMakeCXXCompilerABI.cpp.o]
  ignore line: [/usr/lib64/ccache/c++      -o CMakeFiles/cmTC_be069.dir/CMakeCXXCompilerABI.cpp.o -c /usr/share/cmake/Modules/CMakeCXXCompilerABI.cpp]
  ignore line: [Linking CXX executable cmTC_be069]
  ignore line: [/usr/bin/cmake -E cmake_link_script CMakeFiles/cmTC_be069.dir/link.txt --verbose=1]
  ignore line: [/usr/lib64/ccache/c++       -v CMakeFiles/cmTC_be069.dir/CMakeCXXCompilerABI.cpp.o  -o cmTC_be069 -rdynamic  ]
  ignore line: [Es werden eingebaute Spezifikationen verwendet.]
  ignore line: [COLLECT_GCC=/bin/c++]
  ignore line: [COLLECT_LTO_WRAPPER=/usr/libexec/gcc/x86_64-redhat-linux/6.2.1/lto-wrapper]
  ignore line: [Ziel: x86_64-redhat-linux]
  ignore line: [Konfiguriert mit: ../configure --enable-bootstrap --enable-languages=c,c++,objc,obj-c++,fortran,ada,go,lto --prefix=/usr --mandir=/usr/share/man --infodir=/usr/share/info --with-bugurl=http://bugzilla.redhat.com/bugzilla --enable-shared --enable-threads=posix --enable-checking=release --enable-multilib --with-system-zlib --enable-__cxa_atexit --disable-libunwind-exceptions --enable-gnu-unique-object --enable-linker-build-id --with-linker-hash-style=gnu --enable-plugin --enable-initfini-array --disable-libgcj --with-isl --enable-libmpx --enable-gnu-indirect-function --with-tune=generic --with-arch_32=i686 --build=x86_64-redhat-linux]
  ignore line: [Thread-Modell: posix]
  ignore line: [gcc-Version 6.2.1 20160916 (Red Hat 6.2.1-2) (GCC) ]
  ignore line: [COMPILER_PATH=/usr/libexec/gcc/x86_64-redhat-linux/6.2.1/:/usr/libexec/gcc/x86_64-redhat-linux/6.2.1/:/usr/libexec/gcc/x86_64-redhat-linux/:/usr/lib/gcc/x86_64-redhat-linux/6.2.1/:/usr/lib/gcc/x86_64-redhat-linux/]
  ignore line: [LIBRARY_PATH=/usr/lib/gcc/x86_64-redhat-linux/6.2.1/:/usr/lib/gcc/x86_64-redhat-linux/6.2.1/../../../../lib64/:/lib/../lib64/:/usr/lib/../lib64/:/usr/lib/gcc/x86_64-redhat-linux/6.2.1/../../../:/lib/:/usr/lib/]
  ignore line: [COLLECT_GCC_OPTIONS='-v' '-o' 'cmTC_be069' '-rdynamic' '-shared-libgcc' '-mtune=generic' '-march=x86-64']
  link line: [ /usr/libexec/gcc/x86_64-redhat-linux/6.2.1/collect2 -plugin /usr/libexec/gcc/x86_64-redhat-linux/6.2.1/liblto_plugin.so -plugin-opt=/usr/libexec/gcc/x86_64-redhat-linux/6.2.1/lto-wrapper -plugin-opt=-fresolution=/tmp/ccNy4qQp.res -plugin-opt=-pass-through=-lgcc_s -plugin-opt=-pass-through=-lgcc -plugin-opt=-pass-through=-lc -plugin-opt=-pass-through=-lgcc_s -plugin-opt=-pass-through=-lgcc --build-id --no-add-needed --eh-frame-hdr --hash-style=gnu -m elf_x86_64 -export-dynamic -dynamic-linker /lib64/ld-linux-x86-64.so.2 -o cmTC_be069 /usr/lib/gcc/x86_64-redhat-linux/6.2.1/../../../../lib64/crt1.o /usr/lib/gcc/x86_64-redhat-linux/6.2.1/../../../../lib64/crti.o /usr/lib/gcc/x86_64-redhat-linux/6.2.1/crtbegin.o -L/usr/lib/gcc/x86_64-redhat-linux/6.2.1 -L/usr/lib/gcc/x86_64-redhat-linux/6.2.1/../../../../lib64 -L/lib/../lib64 -L/usr/lib/../lib64 -L/usr/lib/gcc/x86_64-redhat-linux/6.2.1/../../.. CMakeFiles/cmTC_be069.dir/CMakeCXXCompilerABI.cpp.o -lstdc++ -lm -lgcc_s -lgcc -lc -lgcc_s -lgcc /usr/lib/gcc/x86_64-redhat-linux/6.2.1/crtend.o /usr/lib/gcc/x86_64-redhat-linux/6.2.1/../../../../lib64/crtn.o]
    arg [/usr/libexec/gcc/x86_64-redhat-linux/6.2.1/collect2] ==> ignore
    arg [-plugin] ==> ignore
    arg [/usr/libexec/gcc/x86_64-redhat-linux/6.2.1/liblto_plugin.so] ==> ignore
    arg [-plugin-opt=/usr/libexec/gcc/x86_64-redhat-linux/6.2.1/lto-wrapper] ==> ignore
    arg [-plugin-opt=-fresolution=/tmp/ccNy4qQp.res] ==> ignore
    arg [-plugin-opt=-pass-through=-lgcc_s] ==> ignore
    arg [-plugin-opt=-pass-through=-lgcc] ==> ignore
    arg [-plugin-opt=-pass-through=-lc] ==> ignore
    arg [-plugin-opt=-pass-through=-lgcc_s] ==> ignore
    arg [-plugin-opt=-pass-through=-lgcc] ==> ignore
    arg [--build-id] ==> ignore
    arg [--no-add-needed] ==> ignore
    arg [--eh-frame-hdr] ==> ignore
    arg [--hash-style=gnu] ==> ignore
    arg [-m] ==> ignore
    arg [elf_x86_64] ==> ignore
    arg [-export-dynamic] ==> ignore
    arg [-dynamic-linker] ==> ignore
    arg [/lib64/ld-linux-x86-64.so.2] ==> ignore
    arg [-o] ==> ignore
    arg [cmTC_be069] ==> ignore
    arg [/usr/lib/gcc/x86_64-redhat-linux/6.2.1/../../../../lib64/crt1.o] ==> ignore
    arg [/usr/lib/gcc/x86_64-redhat-linux/6.2.1/../../../../lib64/crti.o] ==> ignore
    arg [/usr/lib/gcc/x86_64-redhat-linux/6.2.1/crtbegin.o] ==> ignore
    arg [-L/usr/lib/gcc/x86_64-redhat-linux/6.2.1] ==> dir [/usr/lib/gcc/x86_64-redhat-linux/6.2.1]
    arg [-L/usr/lib/gcc/x86_64-redhat-linux/6.2.1/../../../../lib64] ==> dir [/usr/lib/gcc/x86_64-redhat-linux/6.2.1/../../../../lib64]
    arg [-L/lib/../lib64] ==> dir [/lib/../lib64]
    arg [-L/usr/lib/../lib64] ==> dir [/usr/lib/../lib64]
    arg [-L/usr/lib/gcc/x86_64-redhat-linux/6.2.1/../../..] ==> dir [/usr/lib/gcc/x86_64-redhat-linux/6.2.1/../../..]
    arg [CMakeFiles/cmTC_be069.dir/CMakeCXXCompilerABI.cpp.o] ==> ignore
    arg [-lstdc++] ==> lib [stdc++]
    arg [-lm] ==> lib [m]
    arg [-lgcc_s] ==> lib [gcc_s]
    arg [-lgcc] ==> lib [gcc]
    arg [-lc] ==> lib [c]
    arg [-lgcc_s] ==> lib [gcc_s]
    arg [-lgcc] ==> lib [gcc]
    arg [/usr/lib/gcc/x86_64-redhat-linux/6.2.1/crtend.o] ==> ignore
    arg [/usr/lib/gcc/x86_64-redhat-linux/6.2.1/../../../../lib64/crtn.o] ==> ignore
  remove lib [gcc_s]
  remove lib [gcc]
  remove lib [gcc_s]
  remove lib [gcc]
  collapse library dir [/usr/lib/gcc/x86_64-redhat-linux/6.2.1] ==> [/usr/lib/gcc/x86_64-redhat-linux/6.2.1]
  collapse library dir [/usr/lib/gcc/x86_64-redhat-linux/6.2.1/../../../../lib64] ==> [/usr/lib64]
  collapse library dir [/lib/../lib64] ==> [/lib64]
  collapse library dir [/usr/lib/../lib64] ==> [/usr/lib64]
  collapse library dir [/usr/lib/gcc/x86_64-redhat-linux/6.2.1/../../..] ==> [/usr/lib]
  implicit libs: [stdc++;m;c]
  implicit dirs: [/usr/lib/gcc/x86_64-redhat-linux/6.2.1;/usr/lib64;/lib64;/usr/lib]
  implicit fwks: []




Detecting CXX [-std=c++14] compiler features compiled with the following output:
Change Dir: /home/stud/s_pohland/Downloads/cg_exercise_02/02_whitted/build/CMakeFiles/CMakeTmp

Run Build Command:"/bin/gmake" "cmTC_919a0/fast"
/bin/gmake -f CMakeFiles/cmTC_919a0.dir/build.make CMakeFiles/cmTC_919a0.dir/build
gmake[1]: Verzeichnis „/home/stud/s_pohland/Downloads/cg_exercise_02/02_whitted/build/CMakeFiles/CMakeTmp“ wird betreten
Building CXX object CMakeFiles/cmTC_919a0.dir/feature_tests.cxx.o
/usr/lib64/ccache/c++     -std=c++14 -o CMakeFiles/cmTC_919a0.dir/feature_tests.cxx.o -c /home/stud/s_pohland/Downloads/cg_exercise_02/02_whitted/build/CMakeFiles/feature_tests.cxx
Linking CXX executable cmTC_919a0
/usr/bin/cmake -E cmake_link_script CMakeFiles/cmTC_919a0.dir/link.txt --verbose=1
/usr/lib64/ccache/c++        CMakeFiles/cmTC_919a0.dir/feature_tests.cxx.o  -o cmTC_919a0 -rdynamic 
gmake[1]: Verzeichnis „/home/stud/s_pohland/Downloads/cg_exercise_02/02_whitted/build/CMakeFiles/CMakeTmp“ wird verlassen


    Feature record: CXX_FEATURE:1cxx_aggregate_default_initializers
    Feature record: CXX_FEATURE:1cxx_alias_templates
    Feature record: CXX_FEATURE:1cxx_alignas
    Feature record: CXX_FEATURE:1cxx_alignof
    Feature record: CXX_FEATURE:1cxx_attributes
    Feature record: CXX_FEATURE:1cxx_attribute_deprecated
    Feature record: CXX_FEATURE:1cxx_auto_type
    Feature record: CXX_FEATURE:1cxx_binary_literals
    Feature record: CXX_FEATURE:1cxx_constexpr
    Feature record: CXX_FEATURE:1cxx_contextual_conversions
    Feature record: CXX_FEATURE:1cxx_decltype
    Feature record: CXX_FEATURE:1cxx_decltype_auto
    Feature record: CXX_FEATURE:1cxx_decltype_incomplete_return_types
    Feature record: CXX_FEATURE:1cxx_default_function_template_args
    Feature record: CXX_FEATURE:1cxx_defaulted_functions
    Feature record: CXX_FEATURE:1cxx_defaulted_move_initializers
    Feature record: CXX_FEATURE:1cxx_delegating_constructors
    Feature record: CXX_FEATURE:1cxx_deleted_functions
    Feature record: CXX_FEATURE:1cxx_digit_separators
    Feature record: CXX_FEATURE:1cxx_enum_forward_declarations
    Feature record: CXX_FEATURE:1cxx_explicit_conversions
    Feature record: CXX_FEATURE:1cxx_extended_friend_declarations
    Feature record: CXX_FEATURE:1cxx_extern_templates
    Feature record: CXX_FEATURE:1cxx_final
    Feature record: CXX_FEATURE:1cxx_func_identifier
    Feature record: CXX_FEATURE:1cxx_generalized_initializers
    Feature record: CXX_FEATURE:1cxx_generic_lambdas
    Feature record: CXX_FEATURE:1cxx_inheriting_constructors
    Feature record: CXX_FEATURE:1cxx_inline_namespaces
    Feature record: CXX_FEATURE:1cxx_lambdas
    Feature record: CXX_FEATURE:1cxx_lambda_init_captures
    Feature record: CXX_FEATURE:1cxx_local_type_template_args
    Feature record: CXX_FEATURE:1cxx_long_long_type
    Feature record: CXX_FEATURE:1cxx_noexcept
    Feature record: CXX_FEATURE:1cxx_nonstatic_member_init
    Feature record: CXX_FEATURE:1cxx_nullptr
    Feature record: CXX_FEATURE:1cxx_override
    Feature record: CXX_FEATURE:1cxx_range_for
    Feature record: CXX_FEATURE:1cxx_raw_string_literals
    Feature record: CXX_FEATURE:1cxx_reference_qualified_functions
    Feature record: CXX_FEATURE:1cxx_relaxed_constexpr
    Feature record: CXX_FEATURE:1cxx_return_type_deduction
    Feature record: CXX_FEATURE:1cxx_right_angle_brackets
    Feature record: CXX_FEATURE:1cxx_rvalue_references
    Feature record: CXX_FEATURE:1cxx_sizeof_member
    Feature record: CXX_FEATURE:1cxx_static_assert
    Feature record: CXX_FEATURE:1cxx_strong_enums
    Feature record: CXX_FEATURE:1cxx_template_template_parameters
    Feature record: CXX_FEATURE:1cxx_thread_local
    Feature record: CXX_FEATURE:1cxx_trailing_return_types
    Feature record: CXX_FEATURE:1cxx_unicode_literals
    Feature record: CXX_FEATURE:1cxx_uniform_initialization
    Feature record: CXX_FEATURE:1cxx_unrestricted_unions
    Feature record: CXX_FEATURE:1cxx_user_literals
    Feature record: CXX_FEATURE:1cxx_variable_templates
    Feature record: CXX_FEATURE:1cxx_variadic_macros
    Feature record: CXX_FEATURE:1cxx_variadic_templates


Detecting CXX [-std=c++11] compiler features compiled with the following output:
Change Dir: /home/stud/s_pohland/Downloads/cg_exercise_02/02_whitted/build/CMakeFiles/CMakeTmp

Run Build Command:"/bin/gmake" "cmTC_b36d1/fast"
/bin/gmake -f CMakeFiles/cmTC_b36d1.dir/build.make CMakeFiles/cmTC_b36d1.dir/build
gmake[1]: Verzeichnis „/home/stud/s_pohland/Downloads/cg_exercise_02/02_whitted/build/CMakeFiles/CMakeTmp“ wird betreten
Building CXX object CMakeFiles/cmTC_b36d1.dir/feature_tests.cxx.o
/usr/lib64/ccache/c++     -std=c++11 -o CMakeFiles/cmTC_b36d1.dir/feature_tests.cxx.o -c /home/stud/s_pohland/Downloads/cg_exercise_02/02_whitted/build/CMakeFiles/feature_tests.cxx
Linking CXX executable cmTC_b36d1
/usr/bin/cmake -E cmake_link_script CMakeFiles/cmTC_b36d1.dir/link.txt --verbose=1
/usr/lib64/ccache/c++        CMakeFiles/cmTC_b36d1.dir/feature_tests.cxx.o  -o cmTC_b36d1 -rdynamic 
gmake[1]: Verzeichnis „/home/stud/s_pohland/Downloads/cg_exercise_02/02_whitted/build/CMakeFiles/CMakeTmp“ wird verlassen


    Feature record: CXX_FEATURE:0cxx_aggregate_default_initializers
    Feature record: CXX_FEATURE:1cxx_alias_templates
    Feature record: CXX_FEATURE:1cxx_alignas
    Feature record: CXX_FEATURE:1cxx_alignof
    Feature record: CXX_FEATURE:1cxx_attributes
    Feature record: CXX_FEATURE:0cxx_attribute_deprecated
    Feature record: CXX_FEATURE:1cxx_auto_type
    Feature record: CXX_FEATURE:0cxx_binary_literals
    Feature record: CXX_FEATURE:1cxx_constexpr
    Feature record: CXX_FEATURE:0cxx_contextual_conversions
    Feature record: CXX_FEATURE:1cxx_decltype
    Feature record: CXX_FEATURE:0cxx_decltype_auto
    Feature record: CXX_FEATURE:1cxx_decltype_incomplete_return_types
    Feature record: CXX_FEATURE:1cxx_default_function_template_args
    Feature record: CXX_FEATURE:1cxx_defaulted_functions
    Feature record: CXX_FEATURE:1cxx_defaulted_move_initializers
    Feature record: CXX_FEATURE:1cxx_delegating_constructors
    Feature record: CXX_FEATURE:1cxx_deleted_functions
    Feature record: CXX_FEATURE:0cxx_digit_separators
    Feature record: CXX_FEATURE:1cxx_enum_forward_declarations
    Feature record: CXX_FEATURE:1cxx_explicit_conversions
    Feature record: CXX_FEATURE:1cxx_extended_friend_declarations
    Feature record: CXX_FEATURE:1cxx_extern_templates
    Feature record: CXX_FEATURE:1cxx_final
    Feature record: CXX_FEATURE:1cxx_func_identifier
    Feature record: CXX_FEATURE:1cxx_generalized_initializers
    Feature record: CXX_FEATURE:0cxx_generic_lambdas
    Feature record: CXX_FEATURE:1cxx_inheriting_constructors
    Feature record: CXX_FEATURE:1cxx_inline_namespaces
    Feature record: CXX_FEATURE:1cxx_lambdas
    Feature record: CXX_FEATURE:0cxx_lambda_init_captures
    Feature record: CXX_FEATURE:1cxx_local_type_template_args
    Feature record: CXX_FEATURE:1cxx_long_long_type
    Feature record: CXX_FEATURE:1cxx_noexcept
    Feature record: CXX_FEATURE:1cxx_nonstatic_member_init
    Feature record: CXX_FEATURE:1cxx_nullptr
    Feature record: CXX_FEATURE:1cxx_override
    Feature record: CXX_FEATURE:1cxx_range_for
    Feature record: CXX_FEATURE:1cxx_raw_string_literals
    Feature record: CXX_FEATURE:1cxx_reference_qualified_functions
    Feature record: CXX_FEATURE:0cxx_relaxed_constexpr
    Feature record: CXX_FEATURE:0cxx_return_type_deduction
    Feature record: CXX_FEATURE:1cxx_right_angle_brackets
    Feature record: CXX_FEATURE:1cxx_rvalue_references
    Feature record: CXX_FEATURE:1cxx_sizeof_member
    Feature record: CXX_FEATURE:1cxx_static_assert
    Feature record: CXX_FEATURE:1cxx_strong_enums
    Feature record: CXX_FEATURE:1cxx_template_template_parameters
    Feature record: CXX_FEATURE:1cxx_thread_local
    Feature record: CXX_FEATURE:1cxx_trailing_return_types
    Feature record: CXX_FEATURE:1cxx_unicode_literals
    Feature record: CXX_FEATURE:1cxx_uniform_initialization
    Feature record: CXX_FEATURE:1cxx_unrestricted_unions
    Feature record: CXX_FEATURE:1cxx_user_literals
    Feature record: CXX_FEATURE:0cxx_variable_templates
    Feature record: CXX_FEATURE:1cxx_variadic_macros
    Feature record: CXX_FEATURE:1cxx_variadic_templates


Detecting CXX [-std=c++98] compiler features compiled with the following output:
Change Dir: /home/stud/s_pohland/Downloads/cg_exercise_02/02_whitted/build/CMakeFiles/CMakeTmp

Run Build Command:"/bin/gmake" "cmTC_27b66/fast"
/bin/gmake -f CMakeFiles/cmTC_27b66.dir/build.make CMakeFiles/cmTC_27b66.dir/build
gmake[1]: Verzeichnis „/home/stud/s_pohland/Downloads/cg_exercise_02/02_whitted/build/CMakeFiles/CMakeTmp“ wird betreten
Building CXX object CMakeFiles/cmTC_27b66.dir/feature_tests.cxx.o
/usr/lib64/ccache/c++     -std=c++98 -o CMakeFiles/cmTC_27b66.dir/feature_tests.cxx.o -c /home/stud/s_pohland/Downloads/cg_exercise_02/02_whitted/build/CMakeFiles/feature_tests.cxx
Linking CXX executable cmTC_27b66
/usr/bin/cmake -E cmake_link_script CMakeFiles/cmTC_27b66.dir/link.txt --verbose=1
/usr/lib64/ccache/c++        CMakeFiles/cmTC_27b66.dir/feature_tests.cxx.o  -o cmTC_27b66 -rdynamic 
gmake[1]: Verzeichnis „/home/stud/s_pohland/Downloads/cg_exercise_02/02_whitted/build/CMakeFiles/CMakeTmp“ wird verlassen


    Feature record: CXX_FEATURE:0cxx_aggregate_default_initializers
    Feature record: CXX_FEATURE:0cxx_alias_templates
    Feature record: CXX_FEATURE:0cxx_alignas
    Feature record: CXX_FEATURE:0cxx_alignof
    Feature record: CXX_FEATURE:0cxx_attributes
    Feature record: CXX_FEATURE:0cxx_attribute_deprecated
    Feature record: CXX_FEATURE:0cxx_auto_type
    Feature record: CXX_FEATURE:0cxx_binary_literals
    Feature record: CXX_FEATURE:0cxx_constexpr
    Feature record: CXX_FEATURE:0cxx_contextual_conversions
    Feature record: CXX_FEATURE:0cxx_decltype
    Feature record: CXX_FEATURE:0cxx_decltype_auto
    Feature record: CXX_FEATURE:0cxx_decltype_incomplete_return_types
    Feature record: CXX_FEATURE:0cxx_default_function_template_args
    Feature record: CXX_FEATURE:0cxx_defaulted_functions
    Feature record: CXX_FEATURE:0cxx_defaulted_move_initializers
    Feature record: CXX_FEATURE:0cxx_delegating_constructors
    Feature record: CXX_FEATURE:0cxx_deleted_functions
    Feature record: CXX_FEATURE:0cxx_digit_separators
    Feature record: CXX_FEATURE:0cxx_enum_forward_declarations
    Feature record: CXX_FEATURE:0cxx_explicit_conversions
    Feature record: CXX_FEATURE:0cxx_extended_friend_declarations
    Feature record: CXX_FEATURE:0cxx_extern_templates
    Feature record: CXX_FEATURE:0cxx_final
    Feature record: CXX_FEATURE:0cxx_func_identifier
    Feature record: CXX_FEATURE:0cxx_generalized_initializers
    Feature record: CXX_FEATURE:0cxx_generic_lambdas
    Feature record: CXX_FEATURE:0cxx_inheriting_constructors
    Feature record: CXX_FEATURE:0cxx_inline_namespaces
    Feature record: CXX_FEATURE:0cxx_lambdas
    Feature record: CXX_FEATURE:0cxx_lambda_init_captures
    Feature record: CXX_FEATURE:0cxx_local_type_template_args
    Feature record: CXX_FEATURE:0cxx_long_long_type
    Feature record: CXX_FEATURE:0cxx_noexcept
    Feature record: CXX_FEATURE:0cxx_nonstatic_member_init
    Feature record: CXX_FEATURE:0cxx_nullptr
    Feature record: CXX_FEATURE:0cxx_override
    Feature record: CXX_FEATURE:0cxx_range_for
    Feature record: CXX_FEATURE:0cxx_raw_string_literals
    Feature record: CXX_FEATURE:0cxx_reference_qualified_functions
    Feature record: CXX_FEATURE:0cxx_relaxed_constexpr
    Feature record: CXX_FEATURE:0cxx_return_type_deduction
    Feature record: CXX_FEATURE:0cxx_right_angle_brackets
    Feature record: CXX_FEATURE:0cxx_rvalue_references
    Feature record: CXX_FEATURE:0cxx_sizeof_member
    Feature record: CXX_FEATURE:0cxx_static_assert
    Feature record: CXX_FEATURE:0cxx_strong_enums
    Feature record: CXX_FEATURE:1cxx_template_template_parameters
    Feature record: CXX_FEATURE:0cxx_thread_local
    Feature record: CXX_FEATURE:0cxx_trailing_return_types
    Feature record: CXX_FEATURE:0cxx_unicode_literals
    Feature record: CXX_FEATURE:0cxx_uniform_initialization
    Feature record: CXX_FEATURE:0cxx_unrestricted_unions
    Feature record: CXX_FEATURE:0cxx_user_literals
    Feature record: CXX_FEATURE:0cxx_variable_templates
    Feature record: CXX_FEATURE:0cxx_variadic_macros
    Feature record: CXX_FEATURE:0cxx_variadic_templates
Determining if the include file pthread.h exists passed with the following output:
Change Dir: /home/stud/s_pohland/Downloads/cg_exercise_02/02_whitted/build/CMakeFiles/CMakeTmp

Run Build Command:"/bin/gmake" "cmTC_47b48/fast"
/bin/gmake -f CMakeFiles/cmTC_47b48.dir/build.make CMakeFiles/cmTC_47b48.dir/build
gmake[1]: Verzeichnis „/home/stud/s_pohland/Downloads/cg_exercise_02/02_whitted/build/CMakeFiles/CMakeTmp“ wird betreten
Building C object CMakeFiles/cmTC_47b48.dir/CheckIncludeFile.c.o
/usr/lib64/ccache/cc     -o CMakeFiles/cmTC_47b48.dir/CheckIncludeFile.c.o   -c /home/stud/s_pohland/Downloads/cg_exercise_02/02_whitted/build/CMakeFiles/CMakeTmp/CheckIncludeFile.c
Linking C executable cmTC_47b48
/usr/bin/cmake -E cmake_link_script CMakeFiles/cmTC_47b48.dir/link.txt --verbose=1
/usr/lib64/ccache/cc       CMakeFiles/cmTC_47b48.dir/CheckIncludeFile.c.o  -o cmTC_47b48 -rdynamic 
gmake[1]: Verzeichnis „/home/stud/s_pohland/Downloads/cg_exercise_02/02_whitted/build/CMakeFiles/CMakeTmp“ wird verlassen


Determining if the function pthread_create exists in the pthread passed with the following output:
Change Dir: /home/stud/s_pohland/Downloads/cg_exercise_02/02_whitted/build/CMakeFiles/CMakeTmp

Run Build Command:"/bin/gmake" "cmTC_9c3fe/fast"
/bin/gmake -f CMakeFiles/cmTC_9c3fe.dir/build.make CMakeFiles/cmTC_9c3fe.dir/build
gmake[1]: Verzeichnis „/home/stud/s_pohland/Downloads/cg_exercise_02/02_whitted/build/CMakeFiles/CMakeTmp“ wird betreten
Building C object CMakeFiles/cmTC_9c3fe.dir/CheckFunctionExists.c.o
/usr/lib64/ccache/cc    -DCHECK_FUNCTION_EXISTS=pthread_create   -o CMakeFiles/cmTC_9c3fe.dir/CheckFunctionExists.c.o   -c /usr/share/cmake/Modules/CheckFunctionExists.c
Linking C executable cmTC_9c3fe
/usr/bin/cmake -E cmake_link_script CMakeFiles/cmTC_9c3fe.dir/link.txt --verbose=1
/usr/lib64/ccache/cc   -DCHECK_FUNCTION_EXISTS=pthread_create    CMakeFiles/cmTC_9c3fe.dir/CheckFunctionExists.c.o  -o cmTC_9c3fe -rdynamic -lpthread 
gmake[1]: Verzeichnis „/home/stud/s_pohland/Downloads/cg_exercise_02/02_whitted/build/CMakeFiles/CMakeTmp“ wird verlassen


Determining if the function XOpenDisplay exists in the /usr/lib64/libX11.so;/usr/lib64/libXext.so passed with the following output:
Change Dir: /home/stud/s_pohland/Downloads/cg_exercise_02/02_whitted/build/CMakeFiles/CMakeTmp

Run Build Command:"/bin/gmake" "cmTC_37e4f/fast"
/bin/gmake -f CMakeFiles/cmTC_37e4f.dir/build.make CMakeFiles/cmTC_37e4f.dir/build
gmake[1]: Verzeichnis „/home/stud/s_pohland/Downloads/cg_exercise_02/02_whitted/build/CMakeFiles/CMakeTmp“ wird betreten
Building C object CMakeFiles/cmTC_37e4f.dir/CheckFunctionExists.c.o
/usr/lib64/ccache/cc    -DCHECK_FUNCTION_EXISTS=XOpenDisplay   -o CMakeFiles/cmTC_37e4f.dir/CheckFunctionExists.c.o   -c /usr/share/cmake/Modules/CheckFunctionExists.c
Linking C executable cmTC_37e4f
/usr/bin/cmake -E cmake_link_script CMakeFiles/cmTC_37e4f.dir/link.txt --verbose=1
/usr/lib64/ccache/cc   -DCHECK_FUNCTION_EXISTS=XOpenDisplay    CMakeFiles/cmTC_37e4f.dir/CheckFunctionExists.c.o  -o cmTC_37e4f -rdynamic /usr/lib64/libX11.so /usr/lib64/libXext.so 
gmake[1]: Verzeichnis „/home/stud/s_pohland/Downloads/cg_exercise_02/02_whitted/build/CMakeFiles/CMakeTmp“ wird verlassen


Determining if the function gethostbyname exists passed with the following output:
Change Dir: /home/stud/s_pohland/Downloads/cg_exercise_02/02_whitted/build/CMakeFiles/CMakeTmp

Run Build Command:"/bin/gmake" "cmTC_c25ed/fast"
/bin/gmake -f CMakeFiles/cmTC_c25ed.dir/build.make CMakeFiles/cmTC_c25ed.dir/build
gmake[1]: Verzeichnis „/home/stud/s_pohland/Downloads/cg_exercise_02/02_whitted/build/CMakeFiles/CMakeTmp“ wird betreten
Building C object CMakeFiles/cmTC_c25ed.dir/CheckFunctionExists.c.o
/usr/lib64/ccache/cc    -DCHECK_FUNCTION_EXISTS=gethostbyname   -o CMakeFiles/cmTC_c25ed.dir/CheckFunctionExists.c.o   -c /usr/share/cmake/Modules/CheckFunctionExists.c
Linking C executable cmTC_c25ed
/usr/bin/cmake -E cmake_link_script CMakeFiles/cmTC_c25ed.dir/link.txt --verbose=1
/usr/lib64/ccache/cc   -DCHECK_FUNCTION_EXISTS=gethostbyname    CMakeFiles/cmTC_c25ed.dir/CheckFunctionExists.c.o  -o cmTC_c25ed -rdynamic 
gmake[1]: Verzeichnis „/home/stud/s_pohland/Downloads/cg_exercise_02/02_whitted/build/CMakeFiles/CMakeTmp“ wird verlassen


Determining if the function connect exists passed with the following output:
Change Dir: /home/stud/s_pohland/Downloads/cg_exercise_02/02_whitted/build/CMakeFiles/CMakeTmp

Run Build Command:"/bin/gmake" "cmTC_d839b/fast"
/bin/gmake -f CMakeFiles/cmTC_d839b.dir/build.make CMakeFiles/cmTC_d839b.dir/build
gmake[1]: Verzeichnis „/home/stud/s_pohland/Downloads/cg_exercise_02/02_whitted/build/CMakeFiles/CMakeTmp“ wird betreten
Building C object CMakeFiles/cmTC_d839b.dir/CheckFunctionExists.c.o
/usr/lib64/ccache/cc    -DCHECK_FUNCTION_EXISTS=connect   -o CMakeFiles/cmTC_d839b.dir/CheckFunctionExists.c.o   -c /usr/share/cmake/Modules/CheckFunctionExists.c
Linking C executable cmTC_d839b
/usr/bin/cmake -E cmake_link_script CMakeFiles/cmTC_d839b.dir/link.txt --verbose=1
/usr/lib64/ccache/cc   -DCHECK_FUNCTION_EXISTS=connect    CMakeFiles/cmTC_d839b.dir/CheckFunctionExists.c.o  -o cmTC_d839b -rdynamic 
gmake[1]: Verzeichnis „/home/stud/s_pohland/Downloads/cg_exercise_02/02_whitted/build/CMakeFiles/CMakeTmp“ wird verlassen


Determining if the function remove exists passed with the following output:
Change Dir: /home/stud/s_pohland/Downloads/cg_exercise_02/02_whitted/build/CMakeFiles/CMakeTmp

Run Build Command:"/bin/gmake" "cmTC_9139d/fast"
/bin/gmake -f CMakeFiles/cmTC_9139d.dir/build.make CMakeFiles/cmTC_9139d.dir/build
gmake[1]: Verzeichnis „/home/stud/s_pohland/Downloads/cg_exercise_02/02_whitted/build/CMakeFiles/CMakeTmp“ wird betreten
Building C object CMakeFiles/cmTC_9139d.dir/CheckFunctionExists.c.o
/usr/lib64/ccache/cc    -DCHECK_FUNCTION_EXISTS=remove   -o CMakeFiles/cmTC_9139d.dir/CheckFunctionExists.c.o   -c /usr/share/cmake/Modules/CheckFunctionExists.c
Linking C executable cmTC_9139d
/usr/bin/cmake -E cmake_link_script CMakeFiles/cmTC_9139d.dir/link.txt --verbose=1
/usr/lib64/ccache/cc   -DCHECK_FUNCTION_EXISTS=remove    CMakeFiles/cmTC_9139d.dir/CheckFunctionExists.c.o  -o cmTC_9139d -rdynamic 
gmake[1]: Verzeichnis „/home/stud/s_pohland/Downloads/cg_exercise_02/02_whitted/build/CMakeFiles/CMakeTmp“ wird verlassen


Determining if the function shmat exists passed with the following output:
Change Dir: /home/stud/s_pohland/Downloads/cg_exercise_02/02_whitted/build/CMakeFiles/CMakeTmp

Run Build Command:"/bin/gmake" "cmTC_25c76/fast"
/bin/gmake -f CMakeFiles/cmTC_25c76.dir/build.make CMakeFiles/cmTC_25c76.dir/build
gmake[1]: Verzeichnis „/home/stud/s_pohland/Downloads/cg_exercise_02/02_whitted/build/CMakeFiles/CMakeTmp“ wird betreten
Building C object CMakeFiles/cmTC_25c76.dir/CheckFunctionExists.c.o
/usr/lib64/ccache/cc    -DCHECK_FUNCTION_EXISTS=shmat   -o CMakeFiles/cmTC_25c76.dir/CheckFunctionExists.c.o   -c /usr/share/cmake/Modules/CheckFunctionExists.c
Linking C executable cmTC_25c76
/usr/bin/cmake -E cmake_link_script CMakeFiles/cmTC_25c76.dir/link.txt --verbose=1
/usr/lib64/ccache/cc   -DCHECK_FUNCTION_EXISTS=shmat    CMakeFiles/cmTC_25c76.dir/CheckFunctionExists.c.o  -o cmTC_25c76 -rdynamic 
gmake[1]: Verzeichnis „/home/stud/s_pohland/Downloads/cg_exercise_02/02_whitted/build/CMakeFiles/CMakeTmp“ wird verlassen


Determining if the function IceConnectionNumber exists in the ICE passed with the following output:
Change Dir: /home/stud/s_pohland/Downloads/cg_exercise_02/02_whitted/build/CMakeFiles/CMakeTmp

Run Build Command:"/bin/gmake" "cmTC_528b0/fast"
/bin/gmake -f CMakeFiles/cmTC_528b0.dir/build.make CMakeFiles/cmTC_528b0.dir/build
gmake[1]: Verzeichnis „/home/stud/s_pohland/Downloads/cg_exercise_02/02_whitted/build/CMakeFiles/CMakeTmp“ wird betreten
Building C object CMakeFiles/cmTC_528b0.dir/CheckFunctionExists.c.o
/usr/lib64/ccache/cc    -DCHECK_FUNCTION_EXISTS=IceConnectionNumber   -o CMakeFiles/cmTC_528b0.dir/CheckFunctionExists.c.o   -c /usr/share/cmake/Modules/CheckFunctionExists.c
Linking C executable cmTC_528b0
/usr/bin/cmake -E cmake_link_script CMakeFiles/cmTC_528b0.dir/link.txt --verbose=1
/usr/lib64/ccache/cc   -DCHECK_FUNCTION_EXISTS=IceConnectionNumber    CMakeFiles/cmTC_528b0.dir/CheckFunctionExists.c.o  -o cmTC_528b0 -rdynamic -lICE 
gmake[1]: Verzeichnis „/home/stud/s_pohland/Downloads/cg_exercise_02/02_whitted/build/CMakeFiles/CMakeTmp“ wird verlassen


Determining if the function glXGetProcAddress exists passed with the following output:
Change Dir: /home/stud/s_pohland/Downloads/cg_exercise_02/02_whitted/build/CMakeFiles/CMakeTmp

Run Build Command:"/bin/gmake" "cmTC_46c0f/fast"
/bin/gmake -f CMakeFiles/cmTC_46c0f.dir/build.make CMakeFiles/cmTC_46c0f.dir/build
gmake[1]: Verzeichnis „/home/stud/s_pohland/Downloads/cg_exercise_02/02_whitted/build/CMakeFiles/CMakeTmp“ wird betreten
Building C object CMakeFiles/cmTC_46c0f.dir/CheckFunctionExists.c.o
/usr/lib64/ccache/cc    -DCHECK_FUNCTION_EXISTS=glXGetProcAddress   -o CMakeFiles/cmTC_46c0f.dir/CheckFunctionExists.c.o   -c /usr/share/cmake/Modules/CheckFunctionExists.c
Linking C executable cmTC_46c0f
/usr/bin/cmake -E cmake_link_script CMakeFiles/cmTC_46c0f.dir/link.txt --verbose=1
/usr/lib64/ccache/cc   -DCHECK_FUNCTION_EXISTS=glXGetProcAddress    CMakeFiles/cmTC_46c0f.dir/CheckFunctionExists.c.o  -o cmTC_46c0f -rdynamic /usr/lib64/libGL.so 
gmake[1]: Verzeichnis „/home/stud/s_pohland/Downloads/cg_exercise_02/02_whitted/build/CMakeFiles/CMakeTmp“ wird verlassen


Determining if the function glXGetProcAddressARB exists passed with the following output:
Change Dir: /home/stud/s_pohland/Downloads/cg_exercise_02/02_whitted/build/CMakeFiles/CMakeTmp

Run Build Command:"/bin/gmake" "cmTC_05f41/fast"
/bin/gmake -f CMakeFiles/cmTC_05f41.dir/build.make CMakeFiles/cmTC_05f41.dir/build
gmake[1]: Verzeichnis „/home/stud/s_pohland/Downloads/cg_exercise_02/02_whitted/build/CMakeFiles/CMakeTmp“ wird betreten
Building C object CMakeFiles/cmTC_05f41.dir/CheckFunctionExists.c.o
/usr/lib64/ccache/cc    -DCHECK_FUNCTION_EXISTS=glXGetProcAddressARB   -o CMakeFiles/cmTC_05f41.dir/CheckFunctionExists.c.o   -c /usr/share/cmake/Modules/CheckFunctionExists.c
Linking C executable cmTC_05f41
/usr/bin/cmake -E cmake_link_script CMakeFiles/cmTC_05f41.dir/link.txt --verbose=1
/usr/lib64/ccache/cc   -DCHECK_FUNCTION_EXISTS=glXGetProcAddressARB    CMakeFiles/cmTC_05f41.dir/CheckFunctionExists.c.o  -o cmTC_05f41 -rdynamic /usr/lib64/libGL.so 
gmake[1]: Verzeichnis „/home/stud/s_pohland/Downloads/cg_exercise_02/02_whitted/build/CMakeFiles/CMakeTmp“ wird verlassen


