Determining if the pthread_create exist failed with the following output:
Change Dir: /home/stud/s_pohland/Downloads/cg_exercise_02/02_whitted/build/CMakeFiles/CMakeTmp

Run Build Command:"/bin/gmake" "cmTC_c3f0b/fast"
/bin/gmake -f CMakeFiles/cmTC_c3f0b.dir/build.make CMakeFiles/cmTC_c3f0b.dir/build
gmake[1]: Verzeichnis „/home/stud/s_pohland/Downloads/cg_exercise_02/02_whitted/build/CMakeFiles/CMakeTmp“ wird betreten
Building C object CMakeFiles/cmTC_c3f0b.dir/CheckSymbolExists.c.o
/usr/lib64/ccache/cc     -o CMakeFiles/cmTC_c3f0b.dir/CheckSymbolExists.c.o   -c /home/stud/s_pohland/Downloads/cg_exercise_02/02_whitted/build/CMakeFiles/CMakeTmp/CheckSymbolExists.c
Linking C executable cmTC_c3f0b
/usr/bin/cmake -E cmake_link_script CMakeFiles/cmTC_c3f0b.dir/link.txt --verbose=1
/usr/lib64/ccache/cc       CMakeFiles/cmTC_c3f0b.dir/CheckSymbolExists.c.o  -o cmTC_c3f0b -rdynamic 
CMakeFiles/cmTC_c3f0b.dir/CheckSymbolExists.c.o: In function `main':
CheckSymbolExists.c:(.text+0x16): undefined reference to `pthread_create'
collect2: Fehler: ld gab 1 als Ende-Status zurück
CMakeFiles/cmTC_c3f0b.dir/build.make:97: die Regel für Ziel „cmTC_c3f0b“ scheiterte
gmake[1]: *** [cmTC_c3f0b] Fehler 1
gmake[1]: Verzeichnis „/home/stud/s_pohland/Downloads/cg_exercise_02/02_whitted/build/CMakeFiles/CMakeTmp“ wird verlassen
Makefile:126: die Regel für Ziel „cmTC_c3f0b/fast“ scheiterte
gmake: *** [cmTC_c3f0b/fast] Fehler 2

File /home/stud/s_pohland/Downloads/cg_exercise_02/02_whitted/build/CMakeFiles/CMakeTmp/CheckSymbolExists.c:
/* */
#include <pthread.h>

int main(int argc, char** argv)
{
  (void)argv;
#ifndef pthread_create
  return ((int*)(&pthread_create))[argc];
#else
  (void)argc;
  return 0;
#endif
}

Determining if the function pthread_create exists in the pthreads failed with the following output:
Change Dir: /home/stud/s_pohland/Downloads/cg_exercise_02/02_whitted/build/CMakeFiles/CMakeTmp

Run Build Command:"/bin/gmake" "cmTC_ae869/fast"
/bin/gmake -f CMakeFiles/cmTC_ae869.dir/build.make CMakeFiles/cmTC_ae869.dir/build
gmake[1]: Verzeichnis „/home/stud/s_pohland/Downloads/cg_exercise_02/02_whitted/build/CMakeFiles/CMakeTmp“ wird betreten
Building C object CMakeFiles/cmTC_ae869.dir/CheckFunctionExists.c.o
/usr/lib64/ccache/cc    -DCHECK_FUNCTION_EXISTS=pthread_create   -o CMakeFiles/cmTC_ae869.dir/CheckFunctionExists.c.o   -c /usr/share/cmake/Modules/CheckFunctionExists.c
Linking C executable cmTC_ae869
/usr/bin/cmake -E cmake_link_script CMakeFiles/cmTC_ae869.dir/link.txt --verbose=1
/usr/lib64/ccache/cc   -DCHECK_FUNCTION_EXISTS=pthread_create    CMakeFiles/cmTC_ae869.dir/CheckFunctionExists.c.o  -o cmTC_ae869 -rdynamic -lpthreads 
/bin/ld: cannot find -lpthreads
collect2: Fehler: ld gab 1 als Ende-Status zurück
CMakeFiles/cmTC_ae869.dir/build.make:97: die Regel für Ziel „cmTC_ae869“ scheiterte
gmake[1]: *** [cmTC_ae869] Fehler 1
gmake[1]: Verzeichnis „/home/stud/s_pohland/Downloads/cg_exercise_02/02_whitted/build/CMakeFiles/CMakeTmp“ wird verlassen
Makefile:126: die Regel für Ziel „cmTC_ae869/fast“ scheiterte
gmake: *** [cmTC_ae869/fast] Fehler 2


Determining if the function glXGetProcAddressEXT exists failed with the following output:
Change Dir: /home/stud/s_pohland/Downloads/cg_exercise_02/02_whitted/build/CMakeFiles/CMakeTmp

Run Build Command:"/bin/gmake" "cmTC_988c8/fast"
/bin/gmake -f CMakeFiles/cmTC_988c8.dir/build.make CMakeFiles/cmTC_988c8.dir/build
gmake[1]: Verzeichnis „/home/stud/s_pohland/Downloads/cg_exercise_02/02_whitted/build/CMakeFiles/CMakeTmp“ wird betreten
Building C object CMakeFiles/cmTC_988c8.dir/CheckFunctionExists.c.o
/usr/lib64/ccache/cc    -DCHECK_FUNCTION_EXISTS=glXGetProcAddressEXT   -o CMakeFiles/cmTC_988c8.dir/CheckFunctionExists.c.o   -c /usr/share/cmake/Modules/CheckFunctionExists.c
Linking C executable cmTC_988c8
/usr/bin/cmake -E cmake_link_script CMakeFiles/cmTC_988c8.dir/link.txt --verbose=1
/usr/lib64/ccache/cc   -DCHECK_FUNCTION_EXISTS=glXGetProcAddressEXT    CMakeFiles/cmTC_988c8.dir/CheckFunctionExists.c.o  -o cmTC_988c8 -rdynamic /usr/lib64/libGL.so 
CMakeFiles/cmTC_988c8.dir/CheckFunctionExists.c.o: In function `main':
CheckFunctionExists.c:(.text+0x15): undefined reference to `glXGetProcAddressEXT'
collect2: Fehler: ld gab 1 als Ende-Status zurück
CMakeFiles/cmTC_988c8.dir/build.make:98: die Regel für Ziel „cmTC_988c8“ scheiterte
gmake[1]: *** [cmTC_988c8] Fehler 1
gmake[1]: Verzeichnis „/home/stud/s_pohland/Downloads/cg_exercise_02/02_whitted/build/CMakeFiles/CMakeTmp“ wird verlassen
Makefile:126: die Regel für Ziel „cmTC_988c8/fast“ scheiterte
gmake: *** [cmTC_988c8/fast] Fehler 2


